<?xml version="1.0" encoding="UTF-8"?>
<!-- Generated by org.testng.reporters.JUnitXMLReporter -->
<testsuite hostname="rohit-laptop" ignored="0" name="book-flight-2" tests="5" failures="0" timestamp="13 Jul 2021 09:07:13 GMT" time="35.566" errors="0">
  <testcase name="registrationPageTest" time="18.08" classname="com.qa.newtours.tests.BookFlightTest"/>
  <testcase name="registerConfirmationPageTest" time="0.259" classname="com.qa.newtours.tests.BookFlightTest"/>
  <testcase name="flightDetailsPageTest" time="1.809" classname="com.qa.newtours.tests.BookFlightTest"/>
  <testcase name="findFlightPageTest" time="0.721" classname="com.qa.newtours.tests.BookFlightTest"/>
  <testcase name="flightConfirmationPageTest" time="0.422" classname="com.qa.newtours.tests.BookFlightTest"/>
</testsuite> <!-- book-flight-2 -->
