<?xml version="1.0" encoding="UTF-8"?>
<!-- Generated by org.testng.reporters.JUnitXMLReporter -->
<testsuite hostname="rohit-laptop" ignored="0" name="book-flight-1" tests="5" failures="0" timestamp="12 Jul 2021 21:18:58 GMT" time="36.464" errors="0">
  <testcase name="registrationPageTest" time="13.209" classname="com.qa.newtours.tests.BookFlightTest"/>
  <testcase name="registerConfirmationPageTest" time="0.251" classname="com.qa.newtours.tests.BookFlightTest"/>
  <testcase name="flightDetailsPageTest" time="1.675" classname="com.qa.newtours.tests.BookFlightTest"/>
  <testcase name="findFlightPageTest" time="0.664" classname="com.qa.newtours.tests.BookFlightTest"/>
  <testcase name="flightConfirmationPageTest" time="0.418" classname="com.qa.newtours.tests.BookFlightTest"/>
</testsuite> <!-- book-flight-1 -->
