<?xml version="1.0" encoding="UTF-8"?>
<!-- Generated by org.testng.reporters.JUnitXMLReporter -->
<testsuite hostname="rohit-laptop" ignored="0" name="book-flight-3" tests="5" failures="0" timestamp="12 Jul 2021 21:20:22 GMT" time="39.824" errors="0">
  <testcase name="registrationPageTest" time="13.94" classname="com.qa.newtours.tests.BookFlightTest"/>
  <testcase name="registerConfirmationPageTest" time="0.218" classname="com.qa.newtours.tests.BookFlightTest"/>
  <testcase name="flightDetailsPageTest" time="1.826" classname="com.qa.newtours.tests.BookFlightTest"/>
  <testcase name="findFlightPageTest" time="0.651" classname="com.qa.newtours.tests.BookFlightTest"/>
  <testcase name="flightConfirmationPageTest" time="0.375" classname="com.qa.newtours.tests.BookFlightTest"/>
</testsuite> <!-- book-flight-3 -->
