<?xml version="1.0" encoding="UTF-8"?>
<!-- Generated by org.testng.reporters.JUnitXMLReporter -->
<testsuite hostname="rohit-laptop" ignored="0" name="Test" tests="5" failures="0" timestamp="03 Jul 2021 07:29:04 GMT" time="33.195" errors="0">
  <testcase name="registrationPageTest" time="19.233" classname="com.qa.newtours.tests.BookFlightTest"/>
  <testcase name="registerConfirmationPageTest" time="0.453" classname="com.qa.newtours.tests.BookFlightTest"/>
  <testcase name="flightDetailsPageTest" time="2.04" classname="com.qa.newtours.tests.BookFlightTest"/>
  <testcase name="findFlightPageTest" time="0.848" classname="com.qa.newtours.tests.BookFlightTest"/>
  <testcase name="flightConfirmationPageTest" time="0.579" classname="com.qa.newtours.tests.BookFlightTest"/>
</testsuite> <!-- Test -->
