<?xml version="1.0" encoding="UTF-8"?>
<testng-results skipped="0" failed="0" ignored="0" total="15" passed="15">
  <reporter-output>
  </reporter-output>
  <suite name="Suite" duration-ms="136907" started-at="2021-07-23T12:36:49Z" finished-at="2021-07-23T12:39:06Z">
    <groups>
    </groups>
    <test name="book-flight-1" duration-ms="54598" started-at="2021-07-23T12:36:49Z" finished-at="2021-07-23T12:37:44Z">
      <class name="com.qa.newtours.tests.BookFlightTest">
        <test-method status="PASS" signature="setupDriver()[pri:0, instance:com.qa.newtours.tests.BookFlightTest@29ee9faa]" name="setupDriver" is-config="true" duration-ms="27243" started-at="2021-07-23T18:06:49Z" finished-at="2021-07-23T18:07:16Z">
          <reporter-output>
          </reporter-output>
        </test-method> <!-- setupDriver -->
        <test-method status="PASS" signature="setupParameters(java.lang.String, java.lang.String)[pri:0, instance:com.qa.newtours.tests.BookFlightTest@29ee9faa]" name="setupParameters" is-config="true" duration-ms="5" started-at="2021-07-23T18:07:16Z" depends-on-methods="com.qa.tests.BaseTest.setupDriver" finished-at="2021-07-23T18:07:16Z">
          <params>
            <param index="0">
              <value>
                <![CDATA[1]]>
              </value>
            </param>
            <param index="1">
              <value>
                <![CDATA[$584 USD]]>
              </value>
            </param>
          </params>
          <reporter-output>
          </reporter-output>
        </test-method> <!-- setupParameters -->
        <test-method status="PASS" signature="registrationPageTest()[pri:1, instance:com.qa.newtours.tests.BookFlightTest@29ee9faa]" name="registrationPageTest" duration-ms="8391" started-at="2021-07-23T18:07:16Z" finished-at="2021-07-23T18:07:25Z">
          <reporter-output>
          </reporter-output>
        </test-method> <!-- registrationPageTest -->
        <test-method status="PASS" signature="registerConfirmationPageTest()[pri:2, instance:com.qa.newtours.tests.BookFlightTest@29ee9faa]" name="registerConfirmationPageTest" duration-ms="1274" started-at="2021-07-23T18:07:25Z" finished-at="2021-07-23T18:07:26Z">
          <reporter-output>
          </reporter-output>
        </test-method> <!-- registerConfirmationPageTest -->
        <test-method status="PASS" signature="flightDetailsPageTest()[pri:3, instance:com.qa.newtours.tests.BookFlightTest@29ee9faa]" name="flightDetailsPageTest" duration-ms="4982" started-at="2021-07-23T18:07:26Z" finished-at="2021-07-23T18:07:31Z">
          <reporter-output>
          </reporter-output>
        </test-method> <!-- flightDetailsPageTest -->
        <test-method status="PASS" signature="findFlightPageTest()[pri:4, instance:com.qa.newtours.tests.BookFlightTest@29ee9faa]" name="findFlightPageTest" duration-ms="4779" started-at="2021-07-23T18:07:31Z" finished-at="2021-07-23T18:07:36Z">
          <reporter-output>
          </reporter-output>
        </test-method> <!-- findFlightPageTest -->
        <test-method status="PASS" signature="flightConfirmationPageTest()[pri:5, instance:com.qa.newtours.tests.BookFlightTest@29ee9faa]" name="flightConfirmationPageTest" duration-ms="2913" started-at="2021-07-23T18:07:36Z" finished-at="2021-07-23T18:07:39Z">
          <reporter-output>
          </reporter-output>
        </test-method> <!-- flightConfirmationPageTest -->
        <test-method status="PASS" signature="quitBrowser()[pri:0, instance:com.qa.newtours.tests.BookFlightTest@29ee9faa]" name="quitBrowser" is-config="true" duration-ms="4917" started-at="2021-07-23T18:07:39Z" finished-at="2021-07-23T18:07:44Z">
          <reporter-output>
          </reporter-output>
        </test-method> <!-- quitBrowser -->
      </class> <!-- com.qa.newtours.tests.BookFlightTest -->
    </test> <!-- book-flight-1 -->
    <test name="book-flight-2" duration-ms="34683" started-at="2021-07-23T12:37:44Z" finished-at="2021-07-23T12:38:19Z">
      <class name="com.qa.newtours.tests.BookFlightTest">
        <test-method status="PASS" signature="setupDriver()[pri:0, instance:com.qa.newtours.tests.BookFlightTest@27efef64]" name="setupDriver" is-config="true" duration-ms="10692" started-at="2021-07-23T18:07:44Z" finished-at="2021-07-23T18:07:55Z">
          <reporter-output>
          </reporter-output>
        </test-method> <!-- setupDriver -->
        <test-method status="PASS" signature="setupParameters(java.lang.String, java.lang.String)[pri:0, instance:com.qa.newtours.tests.BookFlightTest@27efef64]" name="setupParameters" is-config="true" duration-ms="1" started-at="2021-07-23T18:07:55Z" depends-on-methods="com.qa.tests.BaseTest.setupDriver" finished-at="2021-07-23T18:07:55Z">
          <params>
            <param index="0">
              <value>
                <![CDATA[2]]>
              </value>
            </param>
            <param index="1">
              <value>
                <![CDATA[$1169 USD]]>
              </value>
            </param>
          </params>
          <reporter-output>
          </reporter-output>
        </test-method> <!-- setupParameters -->
        <test-method status="PASS" signature="registrationPageTest()[pri:1, instance:com.qa.newtours.tests.BookFlightTest@27efef64]" name="registrationPageTest" duration-ms="7966" started-at="2021-07-23T18:07:55Z" finished-at="2021-07-23T18:08:03Z">
          <reporter-output>
          </reporter-output>
        </test-method> <!-- registrationPageTest -->
        <test-method status="PASS" signature="registerConfirmationPageTest()[pri:2, instance:com.qa.newtours.tests.BookFlightTest@27efef64]" name="registerConfirmationPageTest" duration-ms="1449" started-at="2021-07-23T18:08:03Z" finished-at="2021-07-23T18:08:04Z">
          <reporter-output>
          </reporter-output>
        </test-method> <!-- registerConfirmationPageTest -->
        <test-method status="PASS" signature="flightDetailsPageTest()[pri:3, instance:com.qa.newtours.tests.BookFlightTest@27efef64]" name="flightDetailsPageTest" duration-ms="5331" started-at="2021-07-23T18:08:04Z" finished-at="2021-07-23T18:08:09Z">
          <reporter-output>
          </reporter-output>
        </test-method> <!-- flightDetailsPageTest -->
        <test-method status="PASS" signature="findFlightPageTest()[pri:4, instance:com.qa.newtours.tests.BookFlightTest@27efef64]" name="findFlightPageTest" duration-ms="3820" started-at="2021-07-23T18:08:09Z" finished-at="2021-07-23T18:08:13Z">
          <reporter-output>
          </reporter-output>
        </test-method> <!-- findFlightPageTest -->
        <test-method status="PASS" signature="flightConfirmationPageTest()[pri:5, instance:com.qa.newtours.tests.BookFlightTest@27efef64]" name="flightConfirmationPageTest" duration-ms="2930" started-at="2021-07-23T18:08:13Z" finished-at="2021-07-23T18:08:16Z">
          <reporter-output>
          </reporter-output>
        </test-method> <!-- flightConfirmationPageTest -->
        <test-method status="PASS" signature="quitBrowser()[pri:0, instance:com.qa.newtours.tests.BookFlightTest@27efef64]" name="quitBrowser" is-config="true" duration-ms="2478" started-at="2021-07-23T18:08:16Z" finished-at="2021-07-23T18:08:19Z">
          <reporter-output>
          </reporter-output>
        </test-method> <!-- quitBrowser -->
      </class> <!-- com.qa.newtours.tests.BookFlightTest -->
    </test> <!-- book-flight-2 -->
    <test name="book-flight-3" duration-ms="47202" started-at="2021-07-23T12:38:19Z" finished-at="2021-07-23T12:39:06Z">
      <class name="com.qa.newtours.tests.BookFlightTest">
        <test-method status="PASS" signature="setupDriver()[pri:0, instance:com.qa.newtours.tests.BookFlightTest@1bce4f0a]" name="setupDriver" is-config="true" duration-ms="9837" started-at="2021-07-23T18:08:19Z" finished-at="2021-07-23T18:08:28Z">
          <reporter-output>
          </reporter-output>
        </test-method> <!-- setupDriver -->
        <test-method status="PASS" signature="setupParameters(java.lang.String, java.lang.String)[pri:0, instance:com.qa.newtours.tests.BookFlightTest@1bce4f0a]" name="setupParameters" is-config="true" duration-ms="0" started-at="2021-07-23T18:08:28Z" depends-on-methods="com.qa.tests.BaseTest.setupDriver" finished-at="2021-07-23T18:08:28Z">
          <params>
            <param index="0">
              <value>
                <![CDATA[3]]>
              </value>
            </param>
            <param index="1">
              <value>
                <![CDATA[$1753 USD]]>
              </value>
            </param>
          </params>
          <reporter-output>
          </reporter-output>
        </test-method> <!-- setupParameters -->
        <test-method status="PASS" signature="registrationPageTest()[pri:1, instance:com.qa.newtours.tests.BookFlightTest@1bce4f0a]" name="registrationPageTest" duration-ms="7166" started-at="2021-07-23T18:08:28Z" finished-at="2021-07-23T18:08:36Z">
          <reporter-output>
          </reporter-output>
        </test-method> <!-- registrationPageTest -->
        <test-method status="PASS" signature="registerConfirmationPageTest()[pri:2, instance:com.qa.newtours.tests.BookFlightTest@1bce4f0a]" name="registerConfirmationPageTest" duration-ms="1561" started-at="2021-07-23T18:08:36Z" finished-at="2021-07-23T18:08:37Z">
          <reporter-output>
          </reporter-output>
        </test-method> <!-- registerConfirmationPageTest -->
        <test-method status="PASS" signature="flightDetailsPageTest()[pri:3, instance:com.qa.newtours.tests.BookFlightTest@1bce4f0a]" name="flightDetailsPageTest" duration-ms="6030" started-at="2021-07-23T18:08:37Z" finished-at="2021-07-23T18:08:43Z">
          <reporter-output>
          </reporter-output>
        </test-method> <!-- flightDetailsPageTest -->
        <test-method status="PASS" signature="findFlightPageTest()[pri:4, instance:com.qa.newtours.tests.BookFlightTest@1bce4f0a]" name="findFlightPageTest" duration-ms="3864" started-at="2021-07-23T18:08:43Z" finished-at="2021-07-23T18:08:47Z">
          <reporter-output>
          </reporter-output>
        </test-method> <!-- findFlightPageTest -->
        <test-method status="PASS" signature="flightConfirmationPageTest()[pri:5, instance:com.qa.newtours.tests.BookFlightTest@1bce4f0a]" name="flightConfirmationPageTest" duration-ms="3069" started-at="2021-07-23T18:08:47Z" finished-at="2021-07-23T18:08:50Z">
          <reporter-output>
          </reporter-output>
        </test-method> <!-- flightConfirmationPageTest -->
        <test-method status="PASS" signature="quitBrowser()[pri:0, instance:com.qa.newtours.tests.BookFlightTest@1bce4f0a]" name="quitBrowser" is-config="true" duration-ms="15663" started-at="2021-07-23T18:08:50Z" finished-at="2021-07-23T18:09:06Z">
          <reporter-output>
          </reporter-output>
        </test-method> <!-- quitBrowser -->
      </class> <!-- com.qa.newtours.tests.BookFlightTest -->
    </test> <!-- book-flight-3 -->
  </suite> <!-- Suite -->
</testng-results>
